<?xml version="1.0" encoding="UTF-8"?>
<!-- Generated by org.testng.reporters.JUnitReportReporter -->
<testsuite skipped="1" hostname="B2FWFD2" name="CucumberRunner.FlipkartSearchValidItemBDD_HDTC1" tests="1" failures="0" timestamp="01 Dec 2017 10:10:44 GMT" time="103.265" errors="0">
  <testcase name="RunCukes" time="103.265" classname="CucumberRunner.FlipkartSearchValidItemBDD_HDTC1">
    <skipped/>
  </testcase> <!-- RunCukes -->
</testsuite> <!-- CucumberRunner.FlipkartSearchValidItemBDD_HDTC1 -->
