<?xml version="1.0" encoding="UTF-8"?>
<!-- Generated by org.testng.reporters.JUnitReportReporter -->
<testsuite skipped="0" hostname="B2FWFD2" name="TestScript.Flipkart.FlipkartSearchValiditem_AUT23" tests="1" failures="0" timestamp="04 Dec 2017 05:18:22 GMT" time="114.831" errors="0">
  <testcase name="Step1" time="114.831" classname="TestScript.Flipkart.FlipkartSearchValiditem_AUT23"/>
</testsuite> <!-- TestScript.Flipkart.FlipkartSearchValiditem_AUT23 -->
